<?xml version="1.0" encoding="utf-8"?><testsuites name="pytest tests"><testsuite name="pytest" errors="0" failures="1" skipped="0" tests="15" time="12.379" timestamp="2026-02-18T05:52:02.649671+00:00" hostname="agent-env-eede2c62-06c9-4aec-a5b4-6eb4ea0f348b"><testcase classname="backend.tests.test_order_modification.TestModificationHistoryEndpoint" name="test_get_modification_history_success" time="0.731" /><testcase classname="backend.tests.test_order_modification.TestModificationHistoryEndpoint" name="test_modification_history_invalid_order" time="0.437" /><testcase classname="backend.tests.test_order_modification.TestModificationHistoryEndpoint" name="test_modification_history_requires_auth" time="0.100" /><testcase classname="backend.tests.test_order_modification.TestCustomerUpdateEndpoint" name="test_update_customer_success" time="1.009" /><testcase classname="backend.tests.test_order_modification.TestCustomerUpdateEndpoint" name="test_update_customer_empty_name" time="0.559"><failure message="AssertionError: Should reject empty name: 200&#10;assert 200 in [400, 422]&#10; +  where 200 = &lt;Response [200]&gt;.status_code">backend/tests/test_order_modification.py:161: in test_update_customer_empty_name
    assert response.status_code in [400, 422], f"Should reject empty name: {response.status_code}"
E   AssertionError: Should reject empty name: 200
E   assert 200 in [400, 422]
E    +  where 200 = &lt;Response [200]&gt;.status_code</failure></testcase><testcase classname="backend.tests.test_order_modification.TestStatusUpdateEndpoint" name="test_update_status_admin_success" time="1.106" /><testcase classname="backend.tests.test_order_modification.TestStatusUpdateEndpoint" name="test_status_update_requires_admin" time="0.540" /><testcase classname="backend.tests.test_order_modification.TestAddItemEndpoint" name="test_add_item_success" time="1.034" /><testcase classname="backend.tests.test_order_modification.TestAddItemEndpoint" name="test_add_duplicate_item_fails" time="0.769" /><testcase classname="backend.tests.test_order_modification.TestRemoveItemEndpoint" name="test_remove_item_success" time="0.989" /><testcase classname="backend.tests.test_order_modification.TestRemoveItemEndpoint" name="test_remove_picked_item_restores_stock" time="1.089" /><testcase classname="backend.tests.test_order_modification.TestUpdateQuantityEndpoint" name="test_update_quantity_success" time="1.020" /><testcase classname="backend.tests.test_order_modification.TestUpdateQuantityEndpoint" name="test_update_quantity_invalid_zero" time="0.537" /><testcase classname="backend.tests.test_order_modification.TestPermissionChecks" name="test_staff_cannot_edit_completed_order" time="0.910" /><testcase classname="backend.tests.test_order_modification.TestAuditLogFields" name="test_log_has_all_required_fields" time="1.396" /></testsuite></testsuites>