<?xml version="1.0" encoding="utf-8"?><testsuites name="pytest tests"><testsuite name="pytest" errors="0" failures="0" skipped="0" tests="16" time="19.314" timestamp="2026-02-19T18:11:11.999592+00:00" hostname="agent-env-47cc7f62-ffc2-4b4e-a428-bfce778be307"><testcase classname="backend.tests.test_security_features.TestAuthEndpoints" name="test_admin_login_returns_force_password_change_flag" time="0.967" /><testcase classname="backend.tests.test_security_features.TestAuthEndpoints" name="test_get_me_returns_has_security_question" time="0.436" /><testcase classname="backend.tests.test_security_features.TestStaffPasswordManagement" name="test_admin_reset_staff_password" time="1.527" /><testcase classname="backend.tests.test_security_features.TestStaffPasswordManagement" name="test_admin_reset_staff_password_with_force_change" time="1.586" /><testcase classname="backend.tests.test_security_features.TestStaffPasswordManagement" name="test_admin_cannot_reset_another_admin_password" time="1.139" /><testcase classname="backend.tests.test_security_features.TestStaffPasswordManagement" name="test_employees_list_shows_force_password_change" time="1.258" /><testcase classname="backend.tests.test_security_features.TestChangePassword" name="test_user_change_own_password" time="2.667" /><testcase classname="backend.tests.test_security_features.TestChangePassword" name="test_change_password_wrong_current_password" time="1.793" /><testcase classname="backend.tests.test_security_features.TestSecurityQuestion" name="test_set_security_question" time="0.948" /><testcase classname="backend.tests.test_security_features.TestSecurityQuestion" name="test_set_security_question_wrong_password" time="0.699" /><testcase classname="backend.tests.test_security_features.TestSecurityQuestion" name="test_get_security_question_for_admin" time="0.501" /><testcase classname="backend.tests.test_security_features.TestSecurityQuestion" name="test_get_security_question_for_non_admin" time="0.906" /><testcase classname="backend.tests.test_security_features.TestSecurityQuestion" name="test_reset_password_with_security_question" time="1.548" /><testcase classname="backend.tests.test_security_features.TestSecurityQuestion" name="test_reset_password_wrong_answer" time="0.787" /><testcase classname="backend.tests.test_security_features.TestSecurityQuestion" name="test_security_answer_case_insensitive" time="1.479" /><testcase classname="backend.tests.test_security_features.TestPasswordValidation" name="test_reset_password_min_length" time="0.937" /></testsuite></testsuites>