<?xml version="1.0" encoding="utf-8"?><testsuites name="pytest tests"><testsuite name="pytest" errors="0" failures="0" skipped="0" tests="7" time="3.785" timestamp="2026-02-17T07:26:14.463219+00:00" hostname="agent-env-eede2c62-06c9-4aec-a5b4-6eb4ea0f348b"><testcase classname="backend.tests.test_new_features.TestStaffPresenceAPI" name="test_get_staff_presence_returns_list" time="0.764" /><testcase classname="backend.tests.test_new_features.TestStaffPresenceAPI" name="test_update_staff_presence_status" time="1.160" /><testcase classname="backend.tests.test_new_features.TestStaffPresenceAPI" name="test_update_presence_invalid_status" time="0.245" /><testcase classname="backend.tests.test_new_features.TestStaffPresenceAPI" name="test_update_presence_nonexistent_employee" time="0.114" /><testcase classname="backend.tests.test_new_features.TestStaffPresenceAPI" name="test_get_presence_log" time="0.169" /><testcase classname="backend.tests.test_new_features.TestOrderQRCodeData" name="test_order_contains_qr_data_fields" time="0.600" /><testcase classname="backend.tests.test_new_features.TestDashboardEndpoints" name="test_dashboard_stats" time="0.515" /></testsuite></testsuites>