<?xml version="1.0" encoding="utf-8"?><testsuites name="pytest tests"><testsuite name="pytest" errors="0" failures="0" skipped="0" tests="10" time="7.308" timestamp="2026-02-17T12:19:24.695591+00:00" hostname="agent-env-eede2c62-06c9-4aec-a5b4-6eb4ea0f348b"><testcase classname="tests.test_order_id_qr_print_features.TestNextOrderIdEndpoint" name="test_next_order_id_endpoint_exists" time="0.490" /><testcase classname="tests.test_order_id_qr_print_features.TestNextOrderIdEndpoint" name="test_next_order_id_format" time="0.455" /><testcase classname="tests.test_order_id_qr_print_features.TestNextOrderIdEndpoint" name="test_next_order_id_requires_auth" time="0.513" /><testcase classname="tests.test_order_id_qr_print_features.TestOrderCreateWithCustomId" name="test_create_order_with_custom_id" time="0.771" /><testcase classname="tests.test_order_id_qr_print_features.TestOrderCreateWithCustomId" name="test_create_order_without_order_id_auto_generates" time="0.743" /><testcase classname="tests.test_order_id_qr_print_features.TestOrderCreateWithCustomId" name="test_create_order_with_empty_order_id_auto_generates" time="0.771" /><testcase classname="tests.test_order_id_qr_print_features.TestOrderCreateWithCustomId" name="test_create_order_with_null_order_id_auto_generates" time="0.783" /><testcase classname="tests.test_order_id_qr_print_features.TestOrderCreateWithCustomId" name="test_create_order_rejects_duplicate_id" time="0.889" /><testcase classname="tests.test_order_id_qr_print_features.TestOrderCreateWithCustomId" name="test_order_id_converted_to_uppercase" time="0.893" /><testcase classname="tests.test_order_id_qr_print_features.TestSequentialOrderIdGeneration" name="test_sequential_order_generation" time="0.949" /></testsuite></testsuites>