<?xml version="1.0" encoding="utf-8"?><testsuites name="pytest tests"><testsuite name="pytest" errors="0" failures="0" skipped="0" tests="12" time="4.189" timestamp="2026-02-17T09:57:23.021071+00:00" hostname="agent-env-eede2c62-06c9-4aec-a5b4-6eb4ea0f348b"><testcase classname="backend.tests.test_price_catalogue_features.TestPublicCatalogue" name="test_public_catalogue_returns_price_fields" time="0.317" /><testcase classname="backend.tests.test_price_catalogue_features.TestPublicCatalogue" name="test_public_catalogue_hides_stock_and_location" time="0.140" /><testcase classname="backend.tests.test_price_catalogue_features.TestPublicCatalogue" name="test_public_catalogue_returns_basic_product_info" time="0.115" /><testcase classname="backend.tests.test_price_catalogue_features.TestPublicCatalogue" name="test_wire001_has_correct_pricing" time="0.109" /><testcase classname="backend.tests.test_price_catalogue_features.TestPublicCatalogue" name="test_mcb001_has_correct_pricing" time="0.098" /><testcase classname="backend.tests.test_price_catalogue_features.TestPublicCatalogue" name="test_drill01_has_correct_pricing" time="0.167" /><testcase classname="backend.tests.test_price_catalogue_features.TestPublicCatalogue" name="test_products_with_zero_price" time="0.190" /><testcase classname="backend.tests.test_price_catalogue_features.TestAuthenticatedProductAPI" name="test_authenticated_products_have_all_price_fields" time="0.617" /><testcase classname="backend.tests.test_price_catalogue_features.TestAuthenticatedProductAPI" name="test_create_product_with_pricing" time="0.711" /><testcase classname="backend.tests.test_price_catalogue_features.TestAuthenticatedProductAPI" name="test_update_product_pricing" time="0.690" /><testcase classname="backend.tests.test_price_catalogue_features.TestOrdersWithPricing" name="test_orders_endpoint_works" time="0.446" /><testcase classname="backend.tests.test_price_catalogue_features.TestCompactReceiptFormat" name="test_order_has_all_picklist_fields" time="0.533" /></testsuite></testsuites>